<?xml version="1.0" encoding="utf-8"?>
<testsuites>
    <testsuite name="pytest" errors="0" failures="0" skipped="1" tests="5" time="0.016" timestamp="2023-01-11T13:02:36.377117" hostname="Elenas-MacBook-Pro.local">
        <testcase classname="tests_temp.test_first" name="test_first_one" time="0.000" />
        <testcase classname="tests_temp.test_first" name="test_first_two" time="0.000" />
        <testcase classname="tests_temp.test_second" name="test_second_one" time="0.000" />
        <testcase classname="tests_temp.test_second" name="test_second_two" time="0.000" />
        <testcase classname="tests_temp.test_second" name="test_second_three" time="0.000">
            <skipped type="pytest.skip" message="unconditional skip">/Users/elenakulgavaya/work/idiomatic/formulabase/tests_temp/test_second.py:12: unconditional skip</skipped>
        </testcase>
    </testsuite>
</testsuites>